Level:[info] LogTime: [02.10.2023] Message:-[Hello distributed log files!]
Level:[info] LogTime: [02.10.2023] Message:-[Hello distributed log files!]
Level:[info] LogTime: [02.10.2023] Message:-[Hello distributed log files!]
Level:[info] LogTime: [02.10.2023] Message:-[Hello distributed log files!]
Level:[error] LogTime: [02.10.2023] Message:-[error in login: Error: secretOrPrivateKey must have a value]
Level:[info] LogTime: [02.10.2023] Message:-[Hello distributed log files!]
Level:[info] LogTime: [02.10.2023] Message:-[Hello distributed log files!]
Level:[info] LogTime: [02.10.2023] Message:-[Hello distributed log files!]
Level:[error] LogTime: [02.10.2023] Message:-[error in login: ReferenceError: localStorage is not defined]
Level:[info] LogTime: [02.10.2023] Message:-[Hello distributed log files!]
Level:[info] LogTime: [02.10.2023] Message:-[Hello distributed log files!]
Level:[info] LogTime: [02.10.2023] Message:-[Hello distributed log files!]
Level:[info] LogTime: [02.10.2023] Message:-[Hello distributed log files!]
Level:[info] LogTime: [02.10.2023] Message:-[Hello distributed log files!]
Level:[info] LogTime: [02.10.2023] Message:-[Hello distributed log files!]
Level:[info] LogTime: [02.10.2023] Message:-[Hello distributed log files!]
Level:[error] LogTime: [02.10.2023] Message:-[error in login: TypeError: Cannot read properties of undefined (reading 'toLowerCase')]
Level:[info] LogTime: [02.10.2023] Message:-[Hello distributed log files!]
Level:[info] LogTime: [02.10.2023] Message:-[Hello distributed log files!]
Level:[info] LogTime: [02.10.2023] Message:-[Hello distributed log files!]
Level:[info] LogTime: [02.10.2023] Message:-[Hello distributed log files!]
Level:[info] LogTime: [02.10.2023] Message:-[Hello distributed log files!]
Level:[info] LogTime: [02.10.2023] Message:-[Hello distributed log files!]
Level:[info] LogTime: [02.10.2023] Message:-[Hello distributed log files!]
Level:[info] LogTime: [02.10.2023] Message:-[Hello distributed log files!]
Level:[info] LogTime: [02.10.2023] Message:-[Hello distributed log files!]
Level:[info] LogTime: [02.10.2023] Message:-[Hello distributed log files!]
Level:[info] LogTime: [02.10.2023] Message:-[Hello distributed log files!]
Level:[info] LogTime: [02.10.2023] Message:-[Hello distributed log files!]
Level:[info] LogTime: [02.10.2023] Message:-[Hello distributed log files!]
Level:[info] LogTime: [02.10.2023] Message:-[Hello distributed log files!]
Level:[info] LogTime: [02.10.2023] Message:-[Hello distributed log files!]
Level:[info] LogTime: [02.10.2023] Message:-[Hello distributed log files!]
Level:[info] LogTime: [02.10.2023] Message:-[Hello distributed log files!]
Level:[info] LogTime: [02.10.2023] Message:-[Hello distributed log files!]
Level:[info] LogTime: [02.10.2023] Message:-[Hello distributed log files!]
Level:[info] LogTime: [02.10.2023] Message:-[Hello distributed log files!]
Level:[info] LogTime: [02.10.2023] Message:-[Hello distributed log files!]
Level:[info] LogTime: [02.10.2023] Message:-[Hello distributed log files!]
Level:[info] LogTime: [02.10.2023] Message:-[Hello distributed log files!]
Level:[info] LogTime: [02.10.2023] Message:-[Hello distributed log files!]
Level:[info] LogTime: [02.10.2023] Message:-[Hello distributed log files!]
Level:[info] LogTime: [02.10.2023] Message:-[Hello distributed log files!]
Level:[info] LogTime: [02.10.2023] Message:-[Hello distributed log files!]
Level:[info] LogTime: [02.10.2023] Message:-[Hello distributed log files!]
Level:[info] LogTime: [02.10.2023] Message:-[Hello distributed log files!]
Level:[info] LogTime: [02.10.2023] Message:-[Hello distributed log files!]
Level:[info] LogTime: [02.10.2023] Message:-[Hello distributed log files!]
Level:[info] LogTime: [02.10.2023] Message:-[Hello distributed log files!]
Level:[info] LogTime: [02.10.2023] Message:-[Hello distributed log files!]
Level:[info] LogTime: [02.10.2023] Message:-[Hello distributed log files!]
Level:[info] LogTime: [02.10.2023] Message:-[Hello distributed log files!]
Level:[info] LogTime: [02.10.2023] Message:-[Hello distributed log files!]
Level:[error] LogTime: [02.10.2023] Message:-[error in login: TypeError: Cannot set properties of undefined (setting 'refreshToken')]
Level:[info] LogTime: [02.10.2023] Message:-[Hello distributed log files!]
Level:[error] LogTime: [02.10.2023] Message:-[error in login: TypeError: Cannot set properties of undefined (setting 'refreshToken')]
Level:[info] LogTime: [02.10.2023] Message:-[Hello distributed log files!]
Level:[error] LogTime: [02.10.2023] Message:-[error in login: TypeError: Cannot set properties of undefined (setting 'refreshToken')]
Level:[error] LogTime: [02.10.2023] Message:-[error in login: TypeError: Cannot set properties of undefined (setting 'refreshToken')]
Level:[info] LogTime: [02.10.2023] Message:-[Hello distributed log files!]
Level:[info] LogTime: [02.10.2023] Message:-[Hello distributed log files!]
Level:[info] LogTime: [02.10.2023] Message:-[Hello distributed log files!]
Level:[info] LogTime: [02.10.2023] Message:-[Hello distributed log files!]
Level:[info] LogTime: [02.10.2023] Message:-[Hello distributed log files!]
Level:[info] LogTime: [02.10.2023] Message:-[Hello distributed log files!]
Level:[info] LogTime: [02.10.2023] Message:-[Hello distributed log files!]
Level:[info] LogTime: [02.10.2023] Message:-[Hello distributed log files!]
Level:[info] LogTime: [02.10.2023] Message:-[Hello distributed log files!]
Level:[info] LogTime: [02.10.2023] Message:-[Hello distributed log files!]
Level:[info] LogTime: [02.10.2023] Message:-[Hello distributed log files!]
Level:[info] LogTime: [02.10.2023] Message:-[Hello distributed log files!]
Level:[info] LogTime: [02.10.2023] Message:-[Hello distributed log files!]
Level:[info] LogTime: [02.10.2023] Message:-[Hello distributed log files!]
Level:[info] LogTime: [02.10.2023] Message:-[Hello distributed log files!]
Level:[info] LogTime: [02.10.2023] Message:-[Hello distributed log files!]
Level:[info] LogTime: [02.10.2023] Message:-[Hello distributed log files!]
Level:[info] LogTime: [02.10.2023] Message:-[Hello distributed log files!]
Level:[info] LogTime: [02.10.2023] Message:-[Hello distributed log files!]
Level:[info] LogTime: [02.10.2023] Message:-[Hello distributed log files!]
Level:[info] LogTime: [02.10.2023] Message:-[Hello distributed log files!]
Level:[info] LogTime: [02.10.2023] Message:-[Hello distributed log files!]
Level:[info] LogTime: [02.10.2023] Message:-[Hello distributed log files!]
Level:[info] LogTime: [02.10.2023] Message:-[Hello distributed log files!]
Level:[info] LogTime: [02.10.2023] Message:-[Hello distributed log files!]
Level:[info] LogTime: [02.10.2023] Message:-[Hello distributed log files!]
Level:[info] LogTime: [02.10.2023] Message:-[Hello distributed log files!]
Level:[info] LogTime: [02.10.2023] Message:-[Hello distributed log files!]
Level:[info] LogTime: [02.10.2023] Message:-[Hello distributed log files!]
Level:[info] LogTime: [02.10.2023] Message:-[Hello distributed log files!]
Level:[info] LogTime: [02.10.2023] Message:-[Hello distributed log files!]
Level:[info] LogTime: [02.10.2023] Message:-[Hello distributed log files!]
Level:[info] LogTime: [02.10.2023] Message:-[Hello distributed log files!]
Level:[info] LogTime: [02.10.2023] Message:-[Hello distributed log files!]
Level:[info] LogTime: [02.10.2023] Message:-[Hello distributed log files!]
Level:[info] LogTime: [02.10.2023] Message:-[Hello distributed log files!]
Level:[info] LogTime: [02.10.2023] Message:-[Hello distributed log files!]
Level:[info] LogTime: [02.10.2023] Message:-[Hello distributed log files!]
Level:[info] LogTime: [02.10.2023] Message:-[Hello distributed log files!]
Level:[info] LogTime: [02.10.2023] Message:-[Hello distributed log files!]
Level:[info] LogTime: [02.10.2023] Message:-[Hello distributed log files!]
Level:[info] LogTime: [02.10.2023] Message:-[Hello distributed log files!]
Level:[info] LogTime: [02.10.2023] Message:-[Hello distributed log files!]
Level:[info] LogTime: [02.10.2023] Message:-[Hello distributed log files!]
Level:[info] LogTime: [02.10.2023] Message:-[Hello distributed log files!]
Level:[info] LogTime: [02.10.2023] Message:-[Hello distributed log files!]
Level:[info] LogTime: [02.10.2023] Message:-[Hello distributed log files!]
Level:[info] LogTime: [02.10.2023] Message:-[Hello distributed log files!]
Level:[info] LogTime: [02.10.2023] Message:-[Hello distributed log files!]
Level:[info] LogTime: [02.10.2023] Message:-[Hello distributed log files!]
Level:[info] LogTime: [02.10.2023] Message:-[Hello distributed log files!]
Level:[info] LogTime: [02.10.2023] Message:-[Hello distributed log files!]
Level:[info] LogTime: [02.10.2023] Message:-[Hello distributed log files!]
Level:[info] LogTime: [02.10.2023] Message:-[Hello distributed log files!]
Level:[info] LogTime: [02.10.2023] Message:-[Hello distributed log files!]
Level:[info] LogTime: [02.10.2023] Message:-[Hello distributed log files!]
Level:[info] LogTime: [02.10.2023] Message:-[Hello distributed log files!]
Level:[info] LogTime: [02.10.2023] Message:-[Hello distributed log files!]
Level:[info] LogTime: [02.10.2023] Message:-[Hello distributed log files!]
Level:[info] LogTime: [02.10.2023] Message:-[Hello distributed log files!]
Level:[info] LogTime: [02.10.2023] Message:-[Hello distributed log files!]
Level:[info] LogTime: [02.10.2023] Message:-[Hello distributed log files!]
Level:[info] LogTime: [02.10.2023] Message:-[Hello distributed log files!]
Level:[info] LogTime: [02.10.2023] Message:-[Hello distributed log files!]
Level:[info] LogTime: [02.10.2023] Message:-[Hello distributed log files!]
Level:[info] LogTime: [02.10.2023] Message:-[Hello distributed log files!]
Level:[info] LogTime: [02.10.2023] Message:-[Hello distributed log files!]
Level:[info] LogTime: [02.10.2023] Message:-[Hello distributed log files!]
Level:[info] LogTime: [02.10.2023] Message:-[Hello distributed log files!]
Level:[info] LogTime: [02.10.2023] Message:-[Hello distributed log files!]
Level:[info] LogTime: [02.10.2023] Message:-[Hello distributed log files!]
Level:[info] LogTime: [02.10.2023] Message:-[Hello distributed log files!]
Level:[info] LogTime: [02.10.2023] Message:-[Hello distributed log files!]
Level:[info] LogTime: [02.10.2023] Message:-[Hello distributed log files!]
Level:[error] LogTime: [02.10.2023] Message:-[error in login: TypeError: Cannot set properties of undefined (setting 'refreshToken')]
Level:[info] LogTime: [02.10.2023] Message:-[Hello distributed log files!]
Level:[info] LogTime: [02.10.2023] Message:-[Hello distributed log files!]
Level:[info] LogTime: [02.10.2023] Message:-[Hello distributed log files!]
Level:[info] LogTime: [02.10.2023] Message:-[Hello distributed log files!]
